<?xml version="1.0" encoding="UTF-8"?>
<!-- Generated by org.testng.reporters.JUnitReportReporter -->
<testsuite hostname="natalia-All-Series" name="Object" tests="3" failures="0" timestamp="17 Apr 2015 13:37:32 GMT" time="117.292" errors="0">
  <testcase name="testEdit" time="51.494" classname="Object"/>
  <testcase name="testDelete" time="11.801" classname="Object"/>
  <testcase name="testAdd" time="53.997" classname="Object"/>
</testsuite> <!-- Object -->
