<?xml version="1.0" encoding="UTF-8"?>
<testsuite name="TestBase" time="0" tests="0" errors="0" skipped="0" failures="0">
  <properties>
    <property name="java.vendor" value="Oracle Corporation"/>
    <property name="teamcity.agent.dotnet.build_id" value="49"/>
    <property name="sun.java.launcher" value="SUN_STANDARD"/>
    <property name="teamcity.buildConfName" value="Tests"/>
    <property name="sun.management.compiler" value="HotSpot Tiered Compilers"/>
    <property name="agent.home.dir" value="/opt/TeamCity/TeamCity/buildAgent"/>
    <property name="os.name" value="Linux"/>
    <property name="teamcity.build.properties.file" value="/opt/TeamCity/TeamCity/buildAgent/temp/buildTmp/teamcity.build238901881708374988.properties"/>
    <property name="sun.boot.class.path" value="/usr/lib/jvm/java-7-oracle/jre/lib/resources.jar:/usr/lib/jvm/java-7-oracle/jre/lib/rt.jar:/usr/lib/jvm/java-7-oracle/jre/lib/sunrsasign.jar:/usr/lib/jvm/java-7-oracle/jre/lib/jsse.jar:/usr/lib/jvm/java-7-oracle/jre/lib/jce.jar:/usr/lib/jvm/java-7-oracle/jre/lib/charsets.jar:/usr/lib/jvm/java-7-oracle/jre/lib/jfr.jar:/usr/lib/jvm/java-7-oracle/jre/classes"/>
    <property name="build.number" value="24"/>
    <property name="java.vm.specification.vendor" value="Oracle Corporation"/>
    <property name="agent.name" value="Default Agent"/>
    <property name="java.runtime.version" value="1.7.0_72-b14"/>
    <property name="teamcity.auth.password" value="MXYbDV5YU69An8sYRY5MtwoQd7t9Noyt"/>
    <property name="teamcity.runner.properties.file" value="/opt/TeamCity/TeamCity/buildAgent/temp/buildTmp/teamcity.runner5917670761749368966.properties"/>
    <property name="agent.ownPort" value="9090"/>
    <property name="user.name" value="root"/>
    <property name="guice.disable.misplaced.annotation.check" value="true"/>
    <property name="teamcity.build.workingDir" value="/opt/TeamCity/TeamCity/buildAgent/work/f93452fdf52dbc98"/>
    <property name="maven.repo.local" value="/opt/TeamCity/TeamCity/buildAgent/system/jetbrains.maven.runner/maven.repo.local-bt1"/>
    <property name="teamcity.version" value="9.0.3 (build 32334)"/>
    <property name="user.language" value="ru"/>
    <property name="teamcity.build.id" value="49"/>
    <property name="sun.boot.library.path" value="/usr/lib/jvm/java-7-oracle/jre/lib/i386"/>
    <property name="classworlds.conf" value="/opt/TeamCity/TeamCity/buildAgent/temp/buildTmp/teamcity.m2.conf"/>
    <property name="teamcity.maven.watcher.home" value="/opt/TeamCity/TeamCity/buildAgent/plugins/mavenPlugin/maven-watcher"/>
    <property name="java.version" value="1.7.0_72"/>
    <property name="user.timezone" value="Europe/Moscow"/>
    <property name="teamcity.buildType.id" value="TestMyObject_Tests"/>
    <property name="sun.arch.data.model" value="32"/>
    <property name="java.endorsed.dirs" value="/usr/lib/jvm/java-7-oracle/jre/lib/endorsed"/>
    <property name="sun.cpu.isalist" value=""/>
    <property name="sun.jnu.encoding" value="UTF-8"/>
    <property name="file.encoding.pkg" value="sun.io"/>
    <property name="file.separator" value="/"/>
    <property name="java.specification.name" value="Java Platform API Specification"/>
    <property name="java.class.version" value="51.0"/>
    <property name="user.country" value="RU"/>
    <property name="securerandom.source" value="file:/dev/./urandom"/>
    <property name="java.home" value="/usr/lib/jvm/java-7-oracle/jre"/>
    <property name="java.vm.info" value="mixed mode"/>
    <property name="teamcity.auth.userId" value="TeamCityBuildId=49"/>
    <property name="os.version" value="3.13.0-37-generic"/>
    <property name="path.separator" value=":"/>
    <property name="java.vm.version" value="24.72-b04"/>
    <property name="java.awt.printerjob" value="sun.print.PSPrinterJob"/>
    <property name="sun.io.unicode.encoding" value="UnicodeLittle"/>
    <property name="awt.toolkit" value="sun.awt.X11.XToolkit"/>
    <property name="teamcity.agent.cpuBenchmark" value="631"/>
    <property name="user.home" value="/root"/>
    <property name="teamcity.configuration.properties.file" value="/opt/TeamCity/TeamCity/buildAgent/temp/buildTmp/teamcity.config990536182361755022.properties"/>
    <property name="java.specification.vendor" value="Oracle Corporation"/>
    <property name="java.library.path" value="/usr/java/packages/lib/i386:/lib:/usr/lib"/>
    <property name="teamcity.projectName" value="TestMyObject"/>
    <property name="java.vendor.url" value="http://java.oracle.com/"/>
    <property name="java.vm.vendor" value="Oracle Corporation"/>
    <property name="maven.home" value="/usr/share/maven"/>
    <property name="java.runtime.name" value="Java(TM) SE Runtime Environment"/>
    <property name="sun.java.command" value="org.codehaus.plexus.classworlds.launcher.Launcher -f /home/natalia/IdeaProjects/TestsMyObject/pom.xml -B test"/>
    <property name="java.class.path" value="/usr/share/maven/boot/plexus-classworlds-2.x.jar:"/>
    <property name="java.vm.specification.name" value="Java Virtual Machine Specification"/>
    <property name="java.vm.specification.version" value="1.7"/>
    <property name="agent.work.dir" value="/opt/TeamCity/TeamCity/buildAgent/work"/>
    <property name="sun.cpu.endian" value="little"/>
    <property name="sun.os.patch.level" value="unknown"/>
    <property name="java.io.tmpdir" value="/opt/TeamCity/TeamCity/buildAgent/temp/buildTmp"/>
    <property name="java.vendor.url.bug" value="http://bugreport.sun.com/bugreport/"/>
    <property name="os.arch" value="i386"/>
    <property name="java.awt.graphicsenv" value="sun.awt.X11GraphicsEnvironment"/>
    <property name="teamcity.build.checkoutDir" value="/opt/TeamCity/TeamCity/buildAgent/work/f93452fdf52dbc98"/>
    <property name="java.ext.dirs" value="/usr/lib/jvm/java-7-oracle/jre/lib/ext:/usr/java/packages/lib/ext"/>
    <property name="user.dir" value="/opt/TeamCity/TeamCity/buildAgent/work/f93452fdf52dbc98"/>
    <property name="teamcity.build.changedFiles.file" value="/opt/TeamCity/TeamCity/buildAgent/temp/buildTmp/changedFiles2285433910126479188.txt"/>
    <property name="line.separator" value="&#10;"/>
    <property name="java.vm.name" value="Java HotSpot(TM) Server VM"/>
    <property name="teamcity.tests.recentlyFailedTests.file" value="/opt/TeamCity/TeamCity/buildAgent/temp/buildTmp/testsToRunFirst6529538602313489856.txt"/>
    <property name="file.encoding" value="UTF-8"/>
    <property name="teamcity.agent.dotnet.agent_url" value="http://localhost:9090/RPC2"/>
    <property name="java.specification.version" value="1.7"/>
    <property name="com.jetbrains.maven.watcher.report.file" value="/opt/TeamCity/TeamCity/buildAgent/temp/buildTmp/maven-build-info.xml"/>
    <property name="teamcity.build.tempDir" value="/opt/TeamCity/TeamCity/buildAgent/temp/buildTmp"/>
  </properties>
</testsuite>