<?xml version="1.0" encoding="UTF-8"?>
<!-- Generated by org.testng.reporters.JUnitReportReporter -->
<testsuite hostname="natalia-All-Series" name="Element" tests="3" failures="0" timestamp="10 Apr 2015 13:14:49 GMT" time="55.567" errors="0">
  <testcase name="testDelete" time="22.669" classname="Element"/>
  <testcase name="testAdd" time="15.957" classname="Element"/>
  <testcase name="testEdit" time="16.941" classname="Element"/>
</testsuite> <!-- Element -->
