<?xml version="1.0" encoding="UTF-8"?>
<!-- Generated by org.testng.reporters.JUnitReportReporter -->
<testsuite hostname="natalia-All-Series" name="Filial" tests="2" failures="0" timestamp="10 Apr 2015 13:14:49 GMT" time="56.066" errors="0">
  <testcase name="testEdit" time="26.932" classname="Filial"/>
  <testcase name="testAdd" time="29.134" classname="Filial"/>
</testsuite> <!-- Filial -->
