<?xml version="1.0" encoding="UTF-8"?>
<!-- Generated by org.testng.reporters.JUnitReportReporter -->
<testsuite hostname="natalia-All-Series" name="DangerSubstance" tests="3" failures="0" timestamp="10 Apr 2015 13:14:49 GMT" time="56.844" errors="0">
  <testcase name="testAdd" time="17.362" classname="DangerSubstance"/>
  <testcase name="testDelete" time="21.852" classname="DangerSubstance"/>
  <testcase name="testEdit" time="17.630" classname="DangerSubstance"/>
</testsuite> <!-- DangerSubstance -->
