<?xml version="1.0" encoding="UTF-8"?>
<!-- Generated by org.testng.reporters.JUnitReportReporter -->
<testsuite hostname="natalia-All-Series" name="Company" tests="1" failures="0" timestamp="10 Apr 2015 13:14:49 GMT" time="55.193" errors="0">
  <testcase name="testEdit" time="55.193" classname="Company"/>
</testsuite> <!-- Company -->
