<?xml version="1.0" encoding="UTF-8"?>
<!-- Generated by org.testng.reporters.JUnitReportReporter -->
<testsuite hostname="natalia-All-Series" name="Certification" tests="2" failures="0" timestamp="10 Apr 2015 13:14:49 GMT" time="34.525" errors="0">
  <testcase name="testEdit" time="17.243" classname="Certification"/>
  <testcase name="testAdd" time="17.282" classname="Certification"/>
</testsuite> <!-- Certification -->
