<?xml version="1.0" encoding="UTF-8"?>
<!-- Generated by org.testng.reporters.JUnitReportReporter -->
<testsuite hostname="natalia-All-Series" name="Accident" tests="3" failures="0" timestamp="10 Apr 2015 13:14:49 GMT" time="103.966" errors="0">
  <testcase name="testEdit" time="40.501" classname="Accident"/>
  <testcase name="testDelete" time="10.821" classname="Accident"/>
  <testcase name="testAdd" time="52.644" classname="Accident"/>
</testsuite> <!-- Accident -->
