<?xml version="1.0" encoding="UTF-8"?>
<!-- Generated by org.testng.reporters.JUnitReportReporter -->
<testsuite hostname="natalia-All-Series" name="ExplosiveLoss" tests="4" failures="0" timestamp="10 Apr 2015 13:14:49 GMT" time="179.943" errors="0">
  <testcase name="testAddInvestigation" time="40.425" classname="ExplosiveLoss"/>
  <testcase name="testDelete" time="15.695" classname="ExplosiveLoss"/>
  <testcase name="testEdit" time="63.220" classname="ExplosiveLoss"/>
  <testcase name="testAdd" time="60.603" classname="ExplosiveLoss"/>
</testsuite> <!-- ExplosiveLoss -->
