<?xml version="1.0" encoding="UTF-8"?>
<!-- Generated by org.testng.reporters.JUnitReportReporter -->
<testsuite hostname="natalia-All-Series" name="Employee" tests="3" failures="0" timestamp="10 Apr 2015 13:14:49 GMT" time="59.254" errors="0">
  <testcase name="testDelete" time="10.723" classname="Employee"/>
  <testcase name="testEdit" time="23.692" classname="Employee"/>
  <testcase name="testAdd" time="24.839" classname="Employee"/>
</testsuite> <!-- Employee -->
