<?xml version="1.0" encoding="UTF-8"?>
<!-- Generated by org.testng.reporters.JUnitReportReporter -->
<testsuite hostname="natalia-All-Series" name="PLA" tests="3" failures="0" timestamp="15 Apr 2015 06:44:20 GMT" time="76.456" errors="0">
  <testcase name="testDelete" time="25.190" classname="PLA"/>
  <testcase name="testAdd" time="25.826" classname="PLA"/>
  <testcase name="testEdit" time="25.440" classname="PLA"/>
</testsuite> <!-- PLA -->
