<?xml version="1.0" encoding="UTF-8"?>
<!-- Generated by org.testng.reporters.JUnitReportReporter -->
<testsuite hostname="natalia-All-Series" name="Incident" tests="3" failures="0" timestamp="10 Apr 2015 13:14:49 GMT" time="99.726" errors="0">
  <testcase name="testEdit" time="39.164" classname="Incident"/>
  <testcase name="testAdd" time="49.985" classname="Incident"/>
  <testcase name="testDelete" time="10.577" classname="Incident"/>
</testsuite> <!-- Incident -->
