<?xml version="1.0" encoding="UTF-8"?>
<!-- Generated by org.testng.reporters.JUnitReportReporter -->
<testsuite hostname="natalia-All-Series" name="myobject.Objects500m" tests="2" failures="0" timestamp="26 Oct 2015 11:35:58 GMT" time="117.282" errors="0">
  <testcase name="testExclude" time="57.190" classname="myobject.Objects500m"/>
  <testcase name="testInclude" time="60.092" classname="myobject.Objects500m"/>
</testsuite> <!-- myobject.Objects500m -->
