<?xml version="1.0" encoding="UTF-8"?>
<!-- Generated by org.testng.reporters.JUnitReportReporter -->
<testsuite hostname="natalia-All-Series" name="myobject.TDModernization" tests="4" failures="0" timestamp="26 Oct 2015 11:52:34 GMT" time="241.511" errors="0">
  <testcase name="testEditEmpty" time="54.991" classname="myobject.TDModernization"/>
  <testcase name="testAdd" time="48.724" classname="myobject.TDModernization"/>
  <testcase name="testAddEmpty" time="52.208" classname="myobject.TDModernization"/>
  <testcase name="testEdit" time="85.588" classname="myobject.TDModernization"/>
</testsuite> <!-- myobject.TDModernization -->
