<?xml version="1.0" encoding="UTF-8"?>
<!-- Generated by org.testng.reporters.JUnitReportReporter -->
<testsuite hostname="natalia-All-Series" name="myobject.ProtocolViolation" tests="1" failures="0" timestamp="23 Sep 2015 08:49:39 GMT" time="12.381" errors="0">
  <testcase name="testDelete" time="12.381" classname="myobject.ProtocolViolation"/>
</testsuite> <!-- myobject.ProtocolViolation -->
