<?xml version="1.0" encoding="UTF-8"?>
<!-- Generated by org.testng.reporters.JUnitReportReporter -->
<testsuite hostname="natalia-All-Series" name="myobject.ExplosiveLoss" tests="1" failures="0" timestamp="29 Oct 2015 11:21:25 GMT" time="198.243" errors="0">
  <testcase name="testAdd" time="198.243" classname="myobject.ExplosiveLoss"/>
</testsuite> <!-- myobject.ExplosiveLoss -->
