<?xml version="1.0" encoding="UTF-8"?>
<!-- Generated by org.testng.reporters.JUnitReportReporter -->
<testsuite hostname="natalia-All-Series" name="adminpanel.WebinarPayment" tests="1" failures="0" timestamp="9 Oct 2015 12:21:13 GMT" time="36.083" errors="0">
  <testcase name="testEdit" time="36.083" classname="adminpanel.WebinarPayment"/>
</testsuite> <!-- adminpanel.WebinarPayment -->
