<?xml version="1.0" encoding="UTF-8"?>
<!-- Generated by org.testng.reporters.JUnitReportReporter -->
<testsuite hostname="natalia-All-Series" name="myobject.DangerSubstance" tests="10" failures="0" timestamp="26 Oct 2015 12:24:18 GMT" time="627.847" errors="0">
  <testcase name="testEditByObject" time="76.294" classname="myobject.DangerSubstance"/>
  <testcase name="testDeleteByObject" time="76.255" classname="myobject.DangerSubstance"/>
  <testcase name="testAddByObject" time="80.185" classname="myobject.DangerSubstance"/>
  <testcase name="testEditEmpty" time="35.311" classname="myobject.DangerSubstance"/>
  <testcase name="testDeleteForeign500m" time="46.691" classname="myobject.DangerSubstance"/>
  <testcase name="testAddEmpty" time="32.175" classname="myobject.DangerSubstance"/>
  <testcase name="testAddByTD" time="89.627" classname="myobject.DangerSubstance"/>
  <testcase name="testEditByTD" time="67.378" classname="myobject.DangerSubstance"/>
  <testcase name="testAddForeign500m" time="74.812" classname="myobject.DangerSubstance"/>
  <testcase name="testDeleteByTD" time="49.119" classname="myobject.DangerSubstance"/>
</testsuite> <!-- myobject.DangerSubstance -->
