<?xml version="1.0" encoding="UTF-8"?>
<!-- Generated by org.testng.reporters.JUnitReportReporter -->
<testsuite hostname="natalia-All-Series" name="myobject.Object" tests="5" failures="0" timestamp="22 Oct 2015 14:08:12 GMT" time="348.631" errors="0">
  <testcase name="testEdit" time="110.672" classname="myobject.Object"/>
  <testcase name="testEditEmpty" time="60.360" classname="myobject.Object"/>
  <testcase name="testAdd" time="103.291" classname="myobject.Object"/>
  <testcase name="testDelete" time="22.915" classname="myobject.Object"/>
  <testcase name="testAddEmpty" time="51.393" classname="myobject.Object"/>
</testsuite> <!-- myobject.Object -->
