<?xml version="1.0" encoding="UTF-8"?>
<!-- Generated by org.testng.reporters.JUnitReportReporter -->
<testsuite hostname="natalia-All-Series" name="myobject.Element" tests="1" failures="0" timestamp="17 Sep 2015 08:34:28 GMT" time="25.174" errors="0">
  <testcase name="testDelete" time="25.174" classname="myobject.Element"/>
</testsuite> <!-- myobject.Element -->
