<?xml version="1.0" encoding="UTF-8"?>
<!-- Generated by org.testng.reporters.JUnitReportReporter -->
<testsuite hostname="natalia-All-Series" name="myobject.ActionExecution" tests="1" failures="0" timestamp="28 Sep 2015 12:26:52 GMT" time="41.679" errors="0">
  <testcase name="testEdit" time="41.679" classname="myobject.ActionExecution"/>
</testsuite> <!-- myobject.ActionExecution -->
