<?xml version="1.0" encoding="UTF-8"?>
<!-- Generated by org.testng.reporters.JUnitReportReporter -->
<testsuite hostname="natalia-All-Series" name="myobject.BuildAndConstruction" tests="1" failures="0" timestamp="16 Sep 2015 09:38:06 GMT" time="37.280" errors="0">
  <testcase name="testEdit" time="37.280" classname="myobject.BuildAndConstruction"/>
</testsuite> <!-- myobject.BuildAndConstruction -->
