<?xml version="1.0" encoding="UTF-8"?>
<!-- Generated by org.testng.reporters.JUnitReportReporter -->
<testsuite hostname="natalia-All-Series" name="myobject.Element" tests="9" failures="0" timestamp="26 Oct 2015 10:45:38 GMT" time="539.168" errors="0">
  <testcase name="testDeleteBaC" time="65.586" classname="myobject.Element"/>
  <testcase name="testDeleteTD" time="64.854" classname="myobject.Element"/>
  <testcase name="testAdd" time="62.642" classname="myobject.Element"/>
  <testcase name="testAddEmpty" time="28.969" classname="myobject.Element"/>
  <testcase name="testEdit" time="69.471" classname="myobject.Element"/>
  <testcase name="testDelete" time="48.010" classname="myobject.Element"/>
  <testcase name="testAddTD" time="84.212" classname="myobject.Element"/>
  <testcase name="testEditEmpty" time="35.849" classname="myobject.Element"/>
  <testcase name="testAddBaC" time="79.575" classname="myobject.Element"/>
</testsuite> <!-- myobject.Element -->
