<?xml version="1.0" encoding="UTF-8"?>
<!-- Generated by org.testng.reporters.JUnitReportReporter -->
<testsuite hostname="natalia-All-Series" name="myobject.RegulatoryDocuments" tests="5" failures="0" timestamp="14 Oct 2015 13:04:28 GMT" time="162.182" errors="0">
  <testcase name="testEditEmpty" time="25.510" classname="myobject.RegulatoryDocuments"/>
  <testcase name="testEdit" time="48.658" classname="myobject.RegulatoryDocuments"/>
  <testcase name="testAdd" time="39.957" classname="myobject.RegulatoryDocuments"/>
  <testcase name="testAddEmpty" time="20.014" classname="myobject.RegulatoryDocuments"/>
  <testcase name="testDelete" time="28.043" classname="myobject.RegulatoryDocuments"/>
</testsuite> <!-- myobject.RegulatoryDocuments -->
