<?xml version="1.0" encoding="UTF-8"?>
<!-- Generated by org.testng.reporters.JUnitReportReporter -->
<testsuite hostname="natalia-All-Series" name="myobject.Plan" tests="1" failures="0" timestamp="25 Sep 2015 08:42:24 GMT" time="16.966" errors="0">
  <testcase name="testDelete" time="16.966" classname="myobject.Plan"/>
</testsuite> <!-- myobject.Plan -->
