<?xml version="1.0" encoding="UTF-8"?>
<!-- Generated by org.testng.reporters.JUnitReportReporter -->
<testsuite hostname="natalia-All-Series" name="myobject.DangerSubstance" tests="1" failures="0" timestamp="17 Sep 2015 08:21:14 GMT" time="24.214" errors="0">
  <testcase name="testDeleteForeign500m" time="24.214" classname="myobject.DangerSubstance"/>
</testsuite> <!-- myobject.DangerSubstance -->
