<?xml version="1.0" encoding="UTF-8"?>
<!-- Generated by org.testng.reporters.JUnitReportReporter -->
<testsuite hostname="natalia-All-Series" name="myobject.Object" tests="1" failures="0" timestamp="18 Sep 2015 08:37:17 GMT" time="20.935" errors="0">
  <testcase name="testDelete" time="20.935" classname="myobject.Object"/>
</testsuite> <!-- myobject.Object -->
