<?xml version="1.0" encoding="UTF-8"?>
<!-- Generated by org.testng.reporters.JUnitReportReporter -->
<testsuite hostname="natalia-All-Series" name="myobject.Action" tests="1" failures="0" timestamp="28 Sep 2015 08:09:44 GMT" time="27.469" errors="0">
  <testcase name="testDelete" time="27.469" classname="myobject.Action"/>
</testsuite> <!-- myobject.Action -->
