<?xml version="1.0" encoding="UTF-8"?>
<!-- Generated by org.testng.reporters.JUnitReportReporter -->
<testsuite hostname="natalia-All-Series" name="myobject.Employee" tests="7" failures="0" timestamp="21 Oct 2015 12:39:54 GMT" time="340.763" errors="0">
  <testcase name="testAddEmpty" time="44.251" classname="myobject.Employee"/>
  <testcase name="testDeactivate" time="39.502" classname="myobject.Employee"/>
  <testcase name="testActivate" time="34.216" classname="myobject.Employee"/>
  <testcase name="testEditEmpty" time="44.840" classname="myobject.Employee"/>
  <testcase name="testDelete" time="27.033" classname="myobject.Employee"/>
  <testcase name="testAdd" time="75.874" classname="myobject.Employee"/>
  <testcase name="testEdit" time="75.047" classname="myobject.Employee"/>
</testsuite> <!-- myobject.Employee -->
