<?xml version="1.0" encoding="UTF-8"?>
<!-- Generated by org.testng.reporters.JUnitReportReporter -->
<testsuite hostname="natalia-All-Series" name="myobject.TechnicalDevice" tests="1" failures="0" timestamp="22 Sep 2015 08:52:55 GMT" time="14.640" errors="0">
  <testcase name="testDelete" time="14.640" classname="myobject.TechnicalDevice"/>
</testsuite> <!-- myobject.TechnicalDevice -->
