<?xml version="1.0" encoding="UTF-8"?>
<!-- Generated by org.testng.reporters.JUnitReportReporter -->
<testsuite hostname="natalia-All-Series" name="myobject.PLA" tests="5" failures="0" timestamp="22 Oct 2015 14:14:15 GMT" time="295.712" errors="0">
  <testcase name="testEdit" time="79.270" classname="myobject.PLA"/>
  <testcase name="testAddEmpty" time="43.000" classname="myobject.PLA"/>
  <testcase name="testEditEmpty" time="51.471" classname="myobject.PLA"/>
  <testcase name="testDelete" time="47.173" classname="myobject.PLA"/>
  <testcase name="testAdd" time="74.798" classname="myobject.PLA"/>
</testsuite> <!-- myobject.PLA -->
