<?xml version="1.0" encoding="UTF-8"?>
<!-- Generated by org.testng.reporters.JUnitReportReporter -->
<testsuite hostname="natalia-All-Series" name="myobject.Prescription" tests="1" failures="0" timestamp="22 Sep 2015 10:46:15 GMT" time="18.462" errors="0">
  <testcase name="testDelete" time="18.462" classname="myobject.Prescription"/>
</testsuite> <!-- myobject.Prescription -->
