<?xml version="1.0" encoding="UTF-8"?>
<!-- Generated by org.testng.reporters.JUnitReportReporter -->
<testsuite hostname="natalia-All-Series" name="myobject.RegulatoryDocumentsType" tests="5" failures="0" timestamp="14 Oct 2015 13:04:28 GMT" time="158.436" errors="0">
  <testcase name="testEdit" time="37.954" classname="myobject.RegulatoryDocumentsType"/>
  <testcase name="testEditEmpty" time="29.023" classname="myobject.RegulatoryDocumentsType"/>
  <testcase name="testAddEmpty" time="23.540" classname="myobject.RegulatoryDocumentsType"/>
  <testcase name="testDelete" time="36.382" classname="myobject.RegulatoryDocumentsType"/>
  <testcase name="testAdd" time="31.537" classname="myobject.RegulatoryDocumentsType"/>
</testsuite> <!-- myobject.RegulatoryDocumentsType -->
