<?xml version="1.0" encoding="UTF-8"?>
<!-- Generated by org.testng.reporters.JUnitReportReporter -->
<testsuite hostname="natalia-All-Series" name="myobject.PrescriptionViolation" tests="5" failures="0" timestamp="14 Oct 2015 13:04:28 GMT" time="216.471" errors="0">
  <testcase name="testAdd" time="59.797" classname="myobject.PrescriptionViolation"/>
  <testcase name="testEdit" time="57.746" classname="myobject.PrescriptionViolation"/>
  <testcase name="testAddEmpty" time="33.273" classname="myobject.PrescriptionViolation"/>
  <testcase name="testDelete" time="33.135" classname="myobject.PrescriptionViolation"/>
  <testcase name="testEditEmpty" time="32.520" classname="myobject.PrescriptionViolation"/>
</testsuite> <!-- myobject.PrescriptionViolation -->
