<?xml version="1.0" encoding="UTF-8"?>
<!-- Generated by org.testng.reporters.JUnitReportReporter -->
<testsuite hostname="natalia-All-Series" name="myobject.Certification" tests="1" failures="0" timestamp="17 Sep 2015 07:41:03 GMT" time="17.987" errors="0">
  <testcase name="testDelete" time="17.987" classname="myobject.Certification"/>
</testsuite> <!-- myobject.Certification -->
