<?xml version="1.0" encoding="UTF-8"?>
<!-- Generated by org.testng.reporters.JUnitReportReporter -->
<testsuite hostname="natalia-All-Series" name="myobject.Position" tests="5" failures="0" timestamp="21 Oct 2015 10:12:54 GMT" time="169.684" errors="0">
  <testcase name="testAddEmpty" time="25.888" classname="myobject.Position"/>
  <testcase name="testEdit" time="47.588" classname="myobject.Position"/>
  <testcase name="testAdd" time="41.924" classname="myobject.Position"/>
  <testcase name="testEditEmpty" time="28.124" classname="myobject.Position"/>
  <testcase name="testDelete" time="26.160" classname="myobject.Position"/>
</testsuite> <!-- myobject.Position -->
