<?xml version="1.0" encoding="UTF-8"?>
<!-- Generated by org.testng.reporters.JUnitReportReporter -->
<testsuite hostname="natalia-All-Series" name="myobject.TechnicalDevice" tests="6" failures="0" timestamp="26 Oct 2015 11:45:49 GMT" time="444.976" errors="0">
  <testcase name="testAddByObject" time="120.331" classname="myobject.TechnicalDevice"/>
  <testcase name="testEditEmpty" time="37.985" classname="myobject.TechnicalDevice"/>
  <testcase name="testAdd" time="126.359" classname="myobject.TechnicalDevice"/>
  <testcase name="testEdit" time="103.475" classname="myobject.TechnicalDevice"/>
  <testcase name="testDelete" time="32.009" classname="myobject.TechnicalDevice"/>
  <testcase name="testAddEmpty" time="24.817" classname="myobject.TechnicalDevice"/>
</testsuite> <!-- myobject.TechnicalDevice -->
