<?xml version="1.0" encoding="UTF-8"?>
<!-- Generated by org.testng.reporters.JUnitReportReporter -->
<testsuite hostname="natalia-All-Series" name="myobject.Plan" tests="5" failures="0" timestamp="14 Oct 2015 13:04:28 GMT" time="172.330" errors="0">
  <testcase name="testAddEmpty" time="25.061" classname="myobject.Plan"/>
  <testcase name="testEditEmpty" time="27.168" classname="myobject.Plan"/>
  <testcase name="testDelete" time="27.798" classname="myobject.Plan"/>
  <testcase name="testAdd" time="43.702" classname="myobject.Plan"/>
  <testcase name="testEdit" time="48.601" classname="myobject.Plan"/>
</testsuite> <!-- myobject.Plan -->
