<?xml version="1.0" encoding="UTF-8"?>
<!-- Generated by org.testng.reporters.JUnitReportReporter -->
<testsuite hostname="natalia-All-Series" name="myobject.Protocol" tests="1" failures="0" timestamp="22 Sep 2015 14:08:14 GMT" time="9.276" errors="0">
  <testcase name="testDelete" time="9.276" classname="myobject.Protocol"/>
</testsuite> <!-- myobject.Protocol -->
