<?xml version="1.0" encoding="UTF-8"?>
<!-- Generated by org.testng.reporters.JUnitReportReporter -->
<testsuite hostname="natalia-All-Series" name="myobject.RegulatoryDocuments" tests="1" failures="0" timestamp="28 Sep 2015 13:44:50 GMT" time="13.643" errors="0">
  <testcase name="testDelete" time="13.643" classname="myobject.RegulatoryDocuments"/>
</testsuite> <!-- myobject.RegulatoryDocuments -->
