<?xml version="1.0" encoding="UTF-8"?>
<!-- Generated by org.testng.reporters.JUnitReportReporter -->
<testsuite hostname="natalia-All-Series" name="myobject.Accident" tests="8" failures="0" timestamp="30 Oct 2015 11:49:26 GMT" time="836.600" errors="0">
  <testcase name="testAddResponsibleEmployee" time="64.099" classname="myobject.Accident"/>
  <testcase name="testAddInvestigation" time="210.302" classname="myobject.Accident"/>
  <testcase name="testEditEmpty" time="61.186" classname="myobject.Accident"/>
  <testcase name="testAddAffectedEmployee" time="88.375" classname="myobject.Accident"/>
  <testcase name="testEdit" time="140.958" classname="myobject.Accident"/>
  <testcase name="testDelete" time="30.309" classname="myobject.Accident"/>
  <testcase name="testAddEmpty" time="66.243" classname="myobject.Accident"/>
  <testcase name="testAdd" time="175.128" classname="myobject.Accident"/>
</testsuite> <!-- myobject.Accident -->
