<?xml version="1.0" encoding="UTF-8"?>
<!-- Generated by org.testng.reporters.JUnitReportReporter -->
<testsuite hostname="natalia-All-Series" name="myobject.TDModernization" tests="1" failures="0" timestamp="18 Sep 2015 13:19:55 GMT" time="18.901" errors="0">
  <testcase name="testEditEmpty" time="18.901" classname="myobject.TDModernization"/>
</testsuite> <!-- myobject.TDModernization -->
