<?xml version="1.0" encoding="UTF-8"?>
<!-- Generated by org.testng.reporters.JUnitReportReporter -->
<testsuite hostname="natalia-All-Series" name="myobject.User" tests="1" failures="0" timestamp="5 Oct 2015 13:09:39 GMT" time="31.988" errors="0">
  <testcase name="testActivate" time="31.988" classname="myobject.User"/>
</testsuite> <!-- myobject.User -->
