<?xml version="1.0" encoding="UTF-8"?>
<!-- Generated by org.testng.reporters.JUnitReportReporter -->
<testsuite hostname="natalia-All-Series" name="myobject.ActionTransferDeadline" tests="1" failures="0" timestamp="28 Sep 2015 13:04:23 GMT" time="22.702" errors="0">
  <testcase name="testDelete" time="22.702" classname="myobject.ActionTransferDeadline"/>
</testsuite> <!-- myobject.ActionTransferDeadline -->
