<?xml version="1.0" encoding="UTF-8"?>
<!-- Generated by org.testng.reporters.JUnitReportReporter -->
<testsuite hostname="natalia-All-Series" name="myobject.Position" tests="1" failures="0" timestamp="23 Sep 2015 09:40:15 GMT" time="15.999" errors="0">
  <testcase name="testDelete" time="15.999" classname="myobject.Position"/>
</testsuite> <!-- myobject.Position -->
