<?xml version="1.0" encoding="UTF-8"?>
<!-- Generated by org.testng.reporters.JUnitReportReporter -->
<testsuite hostname="natalia-All-Series" name="adminpanel.Message" tests="1" failures="0" timestamp="9 Oct 2015 10:26:38 GMT" time="29.140" errors="0">
  <testcase name="testAdd" time="29.140" classname="adminpanel.Message"/>
</testsuite> <!-- adminpanel.Message -->
