<?xml version="1.0" encoding="UTF-8"?>
<!-- Generated by org.testng.reporters.JUnitReportReporter -->
<testsuite hostname="natalia-All-Series" name="myobject.ObjectCrashTraining" tests="1" failures="0" timestamp="22 Oct 2015 14:16:19 GMT" time="62.327" errors="0">
  <testcase name="testEdit" time="62.327" classname="myobject.ObjectCrashTraining"/>
</testsuite> <!-- myobject.ObjectCrashTraining -->
