<?xml version="1.0" encoding="UTF-8"?>
<!-- Generated by org.testng.reporters.JUnitReportReporter -->
<testsuite hostname="natalia-All-Series" name="myobject.ObjectCrashTraining" tests="1" failures="0" timestamp="18 Sep 2015 08:40:44 GMT" time="47.444" errors="0">
  <testcase name="testEdit" time="47.444" classname="myobject.ObjectCrashTraining"/>
</testsuite> <!-- myobject.ObjectCrashTraining -->
