<?xml version="1.0" encoding="UTF-8"?>
<!-- Generated by org.testng.reporters.JUnitReportReporter -->
<testsuite hostname="natalia-All-Series" name="myobject.Responsibility" tests="1" failures="0" timestamp="23 Sep 2015 10:04:49 GMT" time="13.641" errors="0">
  <testcase name="testDelete" time="13.641" classname="myobject.Responsibility"/>
</testsuite> <!-- myobject.Responsibility -->
