<?xml version="1.0" encoding="UTF-8"?>
<!-- Generated by org.testng.reporters.JUnitReportReporter -->
<testsuite hostname="natalia-All-Series" name="myobject.PLA" tests="1" failures="0" timestamp="18 Sep 2015 11:22:18 GMT" time="23.373" errors="0">
  <testcase name="testDelete" time="23.373" classname="myobject.PLA"/>
</testsuite> <!-- myobject.PLA -->
