<?xml version="1.0" encoding="UTF-8"?>
<!-- Generated by org.testng.reporters.JUnitReportReporter -->
<testsuite hostname="natalia-All-Series" name="myobject.ExplosiveLoss" tests="1" failures="0" timestamp="15 Sep 2015 10:18:46 GMT" time="30.977" errors="0">
  <testcase name="testAddResponsibleEmployee" time="30.977" classname="myobject.ExplosiveLoss"/>
</testsuite> <!-- myobject.ExplosiveLoss -->
