<?xml version="1.0" encoding="UTF-8"?>
<!-- Generated by org.testng.reporters.JUnitReportReporter -->
<testsuite hostname="natalia-All-Series" name="myobject.RegulatoryDocumentsType" tests="1" failures="0" timestamp="28 Sep 2015 13:55:32 GMT" time="16.995" errors="0">
  <testcase name="testDelete" time="16.995" classname="myobject.RegulatoryDocumentsType"/>
</testsuite> <!-- myobject.RegulatoryDocumentsType -->
