<?xml version="1.0" encoding="UTF-8"?>
<!-- Generated by org.testng.reporters.JUnitReportReporter -->
<testsuite hostname="natalia-All-Series" name="myobject.Certification" tests="6" failures="0" timestamp="22 Oct 2015 10:25:31 GMT" time="276.624" errors="0">
  <testcase name="testPlanToFact" time="46.852" classname="myobject.Certification"/>
  <testcase name="testEditPlan" time="42.347" classname="myobject.Certification"/>
  <testcase name="testAddFact" time="56.563" classname="myobject.Certification"/>
  <testcase name="testEditFact" time="62.919" classname="myobject.Certification"/>
  <testcase name="testAddPlan" time="35.452" classname="myobject.Certification"/>
  <testcase name="testDelete" time="32.491" classname="myobject.Certification"/>
</testsuite> <!-- myobject.Certification -->
