<?xml version="1.0" encoding="UTF-8"?>
<!-- Generated by org.testng.reporters.JUnitReportReporter -->
<testsuite hostname="natalia-All-Series" name="myobject.BuildAndConstruction" tests="6" failures="0" timestamp="26 Oct 2015 12:55:33 GMT" time="238.836" errors="0">
  <testcase name="testAddEmpty" time="22.384" classname="myobject.BuildAndConstruction"/>
  <testcase name="testAdd" time="47.672" classname="myobject.BuildAndConstruction"/>
  <testcase name="testEdit" time="55.506" classname="myobject.BuildAndConstruction"/>
  <testcase name="testAddByObject" time="57.245" classname="myobject.BuildAndConstruction"/>
  <testcase name="testDelete" time="25.008" classname="myobject.BuildAndConstruction"/>
  <testcase name="testEditEmpty" time="31.021" classname="myobject.BuildAndConstruction"/>
</testsuite> <!-- myobject.BuildAndConstruction -->
