<?xml version="1.0" encoding="UTF-8"?>
<!-- Generated by org.testng.reporters.JUnitReportReporter -->
<testsuite hostname="natalia-All-Series" name="myobject.Crash" tests="1" failures="0" timestamp="30 Sep 2015 07:09:45 GMT" time="109.691" errors="0">
  <testcase name="testAddCrashPipeline" time="109.691" classname="myobject.Crash"/>
</testsuite> <!-- myobject.Crash -->
