<?xml version="1.0" encoding="UTF-8"?>
<!-- Generated by org.testng.reporters.JUnitReportReporter -->
<testsuite hostname="natalia-All-Series" name="myobject.Objects500m" tests="1" failures="0" timestamp="18 Sep 2015 13:07:11 GMT" time="32.563" errors="0">
  <testcase name="testExclude" time="32.563" classname="myobject.Objects500m"/>
</testsuite> <!-- myobject.Objects500m -->
