<?xml version="1.0" encoding="UTF-8"?>
<!-- Generated by org.testng.reporters.JUnitReportReporter -->
<testsuite hostname="natalia-All-Series" name="myobject.Crash" tests="1" failures="0" timestamp="2 Nov 2015 08:49:27 GMT" time="145.581" errors="0">
  <testcase name="testEdit" time="145.581" classname="myobject.Crash"/>
</testsuite> <!-- myobject.Crash -->
