<?xml version="1.0" encoding="UTF-8"?>
<!-- Generated by org.testng.reporters.JUnitReportReporter -->
<testsuite hostname="natalia-All-Series" name="adminpanel.ActivationCompany" tests="1" failures="0" timestamp="7 Oct 2015 14:29:22 GMT" time="20.660" errors="0">
  <testcase name="testAddEmpty" time="20.660" classname="adminpanel.ActivationCompany"/>
</testsuite> <!-- adminpanel.ActivationCompany -->
