<?xml version="1.0" encoding="UTF-8"?>
<!-- Generated by org.testng.reporters.JUnitReportReporter -->
<testsuite hostname="natalia-All-Series" name="myobject.Incident" tests="1" failures="0" timestamp="30 Oct 2015 13:27:26 GMT" time="142.881" errors="0">
  <testcase name="testEdit" time="142.881" classname="myobject.Incident"/>
</testsuite> <!-- myobject.Incident -->
