<?xml version="1.0" encoding="UTF-8"?>
<!-- Generated by org.testng.reporters.JUnitReportReporter -->
<testsuite hostname="natalia-All-Series" name="myobject.Action" tests="5" failures="0" timestamp="14 Oct 2015 13:04:28 GMT" time="256.864" errors="0">
  <testcase name="testAddEmpty" time="29.924" classname="myobject.Action"/>
  <testcase name="testEditEmpty" time="42.798" classname="myobject.Action"/>
  <testcase name="testAdd" time="70.704" classname="myobject.Action"/>
  <testcase name="testDelete" time="41.254" classname="myobject.Action"/>
  <testcase name="testEdit" time="72.184" classname="myobject.Action"/>
</testsuite> <!-- myobject.Action -->
