<?xml version="1.0" encoding="UTF-8"?>
<!-- Generated by org.testng.reporters.JUnitReportReporter -->
<testsuite hostname="natalia-All-Series" name="myobject.Accident" tests="1" failures="0" timestamp="14 Sep 2015 13:20:06 GMT" time="60.662" errors="0">
  <testcase name="testAddResponsibleEmployee" time="60.662" classname="myobject.Accident"/>
</testsuite> <!-- myobject.Accident -->
