<?xml version="1.0" encoding="UTF-8"?>
<!-- Generated by org.testng.reporters.JUnitReportReporter -->
<testsuite hostname="natalia-All-Series" name="myobject.Document" tests="1" failures="0" timestamp="25 Sep 2015 13:41:09 GMT" time="13.457" errors="0">
  <testcase name="testDelete" time="13.457" classname="myobject.Document"/>
</testsuite> <!-- myobject.Document -->
