<?xml version="1.0" encoding="UTF-8"?>
<!-- Generated by org.testng.reporters.JUnitReportReporter -->
<testsuite hostname="natalia-All-Series" name="myobject.PrescriptionViolation" tests="1" failures="0" timestamp="23 Sep 2015 09:13:26 GMT" time="17.013" errors="0">
  <testcase name="testDelete" time="17.013" classname="myobject.PrescriptionViolation"/>
</testsuite> <!-- myobject.PrescriptionViolation -->
