<?xml version="1.0" encoding="UTF-8"?>
<!-- Generated by org.testng.reporters.JUnitReportReporter -->
<testsuite hostname="natalia-All-Series" name="myobject.EmployeeCount" tests="1" failures="0" timestamp="25 Sep 2015 07:30:11 GMT" time="14.593" errors="0">
  <testcase name="testEditEmpty" time="14.593" classname="myobject.EmployeeCount"/>
</testsuite> <!-- myobject.EmployeeCount -->
